0 info it worked if it ends with ok
1 verbose cli [ '/Users/gschier/.nvm/versions/node/v5.1.1/bin/node',
1 verbose cli   '/Users/gschier/.nvm/versions/node/v5.1.1/bin/npm',
1 verbose cli   'start' ]
2 info using npm@3.3.12
3 info using node@v5.1.1
4 verbose run-script [ 'prestart', 'start', 'poststart' ]
5 info lifecycle insomnia-docs@0.0.1~prestart: insomnia-docs@0.0.1
6 silly lifecycle insomnia-docs@0.0.1~prestart: no script for prestart, continuing
7 info lifecycle insomnia-docs@0.0.1~start: insomnia-docs@0.0.1
8 verbose lifecycle insomnia-docs@0.0.1~start: unsafe-perm in lifecycle true
9 verbose lifecycle insomnia-docs@0.0.1~start: PATH: /Users/gschier/.nvm/versions/node/v5.1.1/lib/node_modules/npm/bin/node-gyp-bin:/Users/gschier/Workspace/insomnia-docs/node_modules/.bin:/Users/gschier/.nvm/versions/node/v5.1.1/bin:/usr/local/aws/datapipeline:/usr/local/aws/elasticmapreduce:/usr/local/aws/elasticbeanstalk/eb/linux/python2.7:/usr/local/bin:/usr/bin:/bin:/usr/sbin:/sbin:/opt/X11/bin:/Users/gschier/.npm/bin:/Users/gschier/Workspace/swu/tool-cli:/Users/gschier/.android/platform-tools
10 verbose lifecycle insomnia-docs@0.0.1~start: CWD: /Users/gschier/Workspace/insomnia-docs
11 silly lifecycle insomnia-docs@0.0.1~start: Args: [ '-c', 'gitbook serve' ]
12 silly lifecycle insomnia-docs@0.0.1~start: Returned: code: 1  signal: null
13 info lifecycle insomnia-docs@0.0.1~start: Failed to exec start script
14 verbose stack Error: insomnia-docs@0.0.1 start: `gitbook serve`
14 verbose stack Exit status 1
14 verbose stack     at EventEmitter.<anonymous> (/Users/gschier/.nvm/versions/node/v5.1.1/lib/node_modules/npm/lib/utils/lifecycle.js:232:16)
14 verbose stack     at emitTwo (events.js:87:13)
14 verbose stack     at EventEmitter.emit (events.js:172:7)
14 verbose stack     at ChildProcess.<anonymous> (/Users/gschier/.nvm/versions/node/v5.1.1/lib/node_modules/npm/lib/utils/spawn.js:24:14)
14 verbose stack     at emitTwo (events.js:87:13)
14 verbose stack     at ChildProcess.emit (events.js:172:7)
14 verbose stack     at maybeClose (internal/child_process.js:818:16)
14 verbose stack     at Process.ChildProcess._handle.onexit (internal/child_process.js:211:5)
15 verbose pkgid insomnia-docs@0.0.1
16 verbose cwd /Users/gschier/Workspace/insomnia-docs
17 error Darwin 15.6.0
18 error argv "/Users/gschier/.nvm/versions/node/v5.1.1/bin/node" "/Users/gschier/.nvm/versions/node/v5.1.1/bin/npm" "start"
19 error node v5.1.1
20 error npm  v3.3.12
21 error code ELIFECYCLE
22 error insomnia-docs@0.0.1 start: `gitbook serve`
22 error Exit status 1
23 error Failed at the insomnia-docs@0.0.1 start script 'gitbook serve'.
23 error Make sure you have the latest version of node.js and npm installed.
23 error If you do, this is most likely a problem with the insomnia-docs package,
23 error not with npm itself.
23 error Tell the author that this fails on your system:
23 error     gitbook serve
23 error You can get their info via:
23 error     npm owner ls insomnia-docs
23 error There is likely additional logging output above.
24 verbose exit [ 1, true ]
